<?xml version="1.0" encoding="UTF-8"?>
<!-- Generated by org.testng.reporters.JUnitXMLReporter -->
<testsuite ignored="0" hostname="DESKTOP-OV165R3" failures="2" tests="6" name="Test" time="104.648" errors="0" timestamp="2025-07-31T21:36:02 IST">
  <testcase classname="com.tests.LoginTest" name="websiteCheck" time="30.12">
    <failure type="java.lang.AssertionError" message="null">
      <![CDATA[java.lang.AssertionError: null
at com.tests.LoginTest.websiteCheck(LoginTest.java:101)
at java.base/java.util.ArrayList.forEach(ArrayList.java:1596)
... Removed 27 stack frames]]>
    </failure>
  </testcase> <!-- websiteCheck -->
  <testcase classname="com.tests.LoginTest" name="search" time="2.831"/>
  <testcase classname="com.tests.LoginTest" name="addToWishList" time="15.896"/>
  <testcase classname="com.tests.LoginTest" name="addToCart" time="18.705"/>
  <testcase classname="com.tests.LoginTest" name="placeOrder" time="7.739"/>
  <testcase classname="com.tests.LoginTest" name="checkDelivery" time="20.387">
    <failure type="java.lang.AssertionError" message="null">
      <![CDATA[java.lang.AssertionError: null
at com.tests.LoginTest.checkDelivery(LoginTest.java:497)
at java.base/java.util.ArrayList.forEach(ArrayList.java:1596)
... Removed 27 stack frames]]>
    </failure>
  </testcase> <!-- checkDelivery -->
</testsuite> <!-- Test -->
